<?xml version="1.0" encoding="UTF-8"?>
<testsuite xmlns:xsi="http://www.w3.org/2001/XMLSchema-instance" xsi:noNamespaceSchemaLocation="https://maven.apache.org/surefire/maven-surefire-plugin/xsd/surefire-test-report.xsd" name="edu.escuelaing.arem.ASE.app.AppTest" time="0.063" tests="4" errors="0" skipped="0" failures="0">
  <properties>
[...]
</properties>
  <testcase name="shouldSolveMeanFirstColumn" classname="edu.escuelaing.arem.ASE.app.AppTest" time="0.016"/>
  <testcase name="shouldSolveMeanSecondColumn" classname="edu.escuelaing.arem.ASE.app.AppTest" time="0.016"/>
  <testcase name="shouldSolveStandardSecondColumn" classname="edu.escuelaing.arem.ASE.app.AppTest" time="0.015"/>
  <testcase name="shouldSolveStandardFirstColumn" classname="edu.escuelaing.arem.ASE.app.AppTest" time="0.016"/>
</testsuite>